{
  "RSpec": {
    "coverage": {
      "/Users/agranado/Projects/intercon/invite-customers/lib/intercon.rb": [
        1,
        null,
        1,
        1,
        1,
        1,
        1,
        1,
        1,
        null,
        1,
        null,
        null
      ],
      "/Users/agranado/Projects/intercon/invite-customers/lib/intercon/integer.rb": [
        1,
        1,
        null,
        1,
        0,
        null,
        null
      ],
      "/Users/agranado/Projects/intercon/invite-customers/lib/intercon/float.rb": [
        1,
        1,
        null,
        1,
        148,
        null,
        null
      ],
      "/Users/agranado/Projects/intercon/invite-customers/lib/intercon/io.rb": [
        1,
        1,
        1,
        0,
        null,
        null,
        null
      ],
      "/Users/agranado/Projects/intercon/invite-customers/lib/intercon/customer_model.rb": [
        1,
        1,
        1,
        null,
        1,
        4,
        4,
        null,
        null,
        1,
        4,
        68,
        null,
        null,
        1,
        null,
        1,
        4,
        4,
        67,
        3,
        null,
        1,
        1,
        null,
        null,
        null
      ],
      "/Users/agranado/Projects/intercon/invite-customers/lib/intercon/filter.rb": [
        1,
        1,
        1,
        null,
        1,
        null,
        1,
        6,
        6,
        null,
        null,
        1,
        37,
        null,
        null,
        1,
        37,
        37,
        null,
        37,
        37,
        37,
        null,
        null,
        null
      ],
      "/Users/agranado/Projects/intercon/invite-customers/lib/intercon/invite_customer.rb": [
        1,
        1,
        1,
        null,
        1,
        4,
        4,
        null,
        null,
        1,
        36,
        null,
        null,
        1,
        4,
        null,
        null,
        1,
        4,
        null,
        null,
        null
      ],
      "/Users/agranado/Projects/intercon/invite-customers/lib/intercon/invite_customer_runner.rb": [
        1,
        1,
        1,
        1,
        1,
        1,
        1,
        null,
        null,
        1,
        17,
        null,
        null,
        null,
        null
      ],
      "/Users/agranado/Projects/intercon/invite-customers/spec/filter_spec.rb": [
        1,
        null,
        1,
        6,
        3,
        3,
        6,
        6,
        null,
        1,
        1,
        2,
        2,
        2,
        2,
        2,
        null,
        2,
        null,
        null,
        1,
        2,
        null,
        2,
        null,
        null,
        1,
        2,
        null,
        2,
        null,
        null,
        null,
        1,
        1,
        2,
        null,
        2,
        null,
        null,
        1,
        2,
        null,
        2,
        null,
        null,
        null
      ],
      "/Users/agranado/Projects/intercon/invite-customers/spec/invite_customer_runner_spec.rb": [
        1,
        null,
        1,
        1,
        2,
        null,
        null,
        null,
        1,
        2,
        2,
        2,
        1,
        1,
        null,
        null,
        null,
        null,
        null,
        null,
        null,
        null,
        null,
        null,
        null,
        null,
        null,
        null,
        null,
        null,
        null,
        null,
        2,
        null,
        2,
        null
      ],
      "/Users/agranado/Projects/intercon/invite-customers/spec/invite_customer_spec.rb": [
        1,
        null,
        1,
        1,
        3,
        3,
        null,
        1,
        4,
        4,
        4,
        null,
        1,
        1,
        1,
        1,
        null,
        null,
        null,
        null,
        null,
        null,
        null,
        null,
        null,
        null,
        null,
        null,
        null,
        null,
        null,
        null,
        null,
        null,
        null,
        null,
        null,
        null,
        null,
        null,
        null,
        null,
        null,
        null,
        null,
        null,
        null,
        null,
        null,
        null,
        1,
        1,
        null,
        null,
        null,
        null,
        null,
        null,
        null,
        null,
        null,
        null,
        null,
        null,
        null,
        null,
        null,
        null,
        null,
        null,
        null,
        2,
        null,
        null,
        1,
        1,
        1,
        null,
        null,
        null,
        null,
        null,
        2,
        null,
        2,
        null,
        null,
        1,
        2,
        2,
        null,
        2,
        null,
        null,
        null,
        null
      ]
    },
    "timestamp": 1523824461
  }
}
